<?xml version="1.0" encoding="UTF-8"?>
<!-- Generated by org.testng.reporters.JUnitReportReporter -->
<testsuite skipped="0" hostname="LAPTOP-KAPIEGFK" name="testCases.LoginApplication" tests="1" failures="0" timestamp="2022-05-23T07:14:17 IST" time="41.503" errors="0">
  <testcase name="login" time="41.503" classname="testCases.LoginApplication"/>
  <system-out/>
</testsuite> <!-- testCases.LoginApplication -->
