<?xml version="1.0" encoding="UTF-8"?>
<!-- Generated by org.testng.reporters.JUnitReportReporter -->
<testsuite skipped="0" hostname="LAPTOP-KAPIEGFK" name="testCases.PageFacttoryLoginApplication" tests="1" failures="0" timestamp="2022-05-23T07:40:47 IST" time="60.341" errors="0">
  <testcase name="login" time="60.341" classname="testCases.PageFacttoryLoginApplication"/>
  <system-out/>
</testsuite> <!-- testCases.PageFacttoryLoginApplication -->
